C:\CYGWIN\HOME\PRANAV\KINECT\NEW PROJECT\DEBUG\NEW PROJECT.EXE
C:\CYGWIN\HOME\PRANAV\KINECT\NEW PROJECT\DEBUG\NEW PROJECT.ILK
C:\CYGWIN\HOME\PRANAV\KINECT\NEW PROJECT\DEBUG\NEW PROJECT.PDB
C:\cygwin\home\Pranav\kinect\New Project\New Project\Debug\cl.command.1.tlog
C:\cygwin\home\Pranav\kinect\New Project\New Project\Debug\CL.read.1.tlog
C:\cygwin\home\Pranav\kinect\New Project\New Project\Debug\CL.write.1.tlog
C:\cygwin\home\Pranav\kinect\New Project\New Project\Debug\link.10328.read.1.tlog
C:\cygwin\home\Pranav\kinect\New Project\New Project\Debug\link.10328.write.1.tlog
C:\cygwin\home\Pranav\kinect\New Project\New Project\Debug\link.10328-cvtres.read.1.tlog
C:\cygwin\home\Pranav\kinect\New Project\New Project\Debug\link.10328-cvtres.write.1.tlog
C:\cygwin\home\Pranav\kinect\New Project\New Project\Debug\link.4764.read.1.tlog
C:\cygwin\home\Pranav\kinect\New Project\New Project\Debug\link.4764.write.1.tlog
C:\cygwin\home\Pranav\kinect\New Project\New Project\Debug\link.4764-cvtres.read.1.tlog
C:\cygwin\home\Pranav\kinect\New Project\New Project\Debug\link.4764-cvtres.write.1.tlog
C:\cygwin\home\Pranav\kinect\New Project\New Project\Debug\link.6248.read.1.tlog
C:\cygwin\home\Pranav\kinect\New Project\New Project\Debug\link.6248.write.1.tlog
C:\cygwin\home\Pranav\kinect\New Project\New Project\Debug\link.6248-cvtres.read.1.tlog
C:\cygwin\home\Pranav\kinect\New Project\New Project\Debug\link.6248-cvtres.write.1.tlog
C:\cygwin\home\Pranav\kinect\New Project\New Project\Debug\link.6416.read.1.tlog
C:\cygwin\home\Pranav\kinect\New Project\New Project\Debug\link.6416.write.1.tlog
C:\cygwin\home\Pranav\kinect\New Project\New Project\Debug\link.6416-cvtres.read.1.tlog
C:\cygwin\home\Pranav\kinect\New Project\New Project\Debug\link.6416-cvtres.write.1.tlog
C:\cygwin\home\Pranav\kinect\New Project\New Project\Debug\link.8336.read.1.tlog
C:\cygwin\home\Pranav\kinect\New Project\New Project\Debug\link.8336.write.1.tlog
C:\cygwin\home\Pranav\kinect\New Project\New Project\Debug\link.8336-cvtres.read.1.tlog
C:\cygwin\home\Pranav\kinect\New Project\New Project\Debug\link.8336-cvtres.write.1.tlog
C:\cygwin\home\Pranav\kinect\New Project\New Project\Debug\link.8660.read.1.tlog
C:\cygwin\home\Pranav\kinect\New Project\New Project\Debug\link.8660.write.1.tlog
C:\cygwin\home\Pranav\kinect\New Project\New Project\Debug\link.8660-cvtres.read.1.tlog
C:\cygwin\home\Pranav\kinect\New Project\New Project\Debug\link.8660-cvtres.write.1.tlog
C:\cygwin\home\Pranav\kinect\New Project\New Project\Debug\link.9016.read.1.tlog
C:\cygwin\home\Pranav\kinect\New Project\New Project\Debug\link.9016.write.1.tlog
C:\cygwin\home\Pranav\kinect\New Project\New Project\Debug\link.9016-cvtres.read.1.tlog
C:\cygwin\home\Pranav\kinect\New Project\New Project\Debug\link.9016-cvtres.write.1.tlog
C:\cygwin\home\Pranav\kinect\New Project\New Project\Debug\link.command.1.tlog
C:\cygwin\home\Pranav\kinect\New Project\New Project\Debug\link.read.1.tlog
C:\cygwin\home\Pranav\kinect\New Project\New Project\Debug\link.write.1.tlog
C:\cygwin\home\Pranav\kinect\New Project\New Project\Debug\link-cvtres.read.1.tlog
C:\cygwin\home\Pranav\kinect\New Project\New Project\Debug\link-cvtres.write.1.tlog
C:\cygwin\home\Pranav\kinect\New Project\New Project\Debug\link-rc.read.1.tlog
C:\cygwin\home\Pranav\kinect\New Project\New Project\Debug\link-rc.write.1.tlog
C:\cygwin\home\Pranav\kinect\New Project\New Project\Debug\mt.command.1.tlog
C:\cygwin\home\Pranav\kinect\New Project\New Project\Debug\mt.read.1.tlog
C:\cygwin\home\Pranav\kinect\New Project\New Project\Debug\mt.write.1.tlog
C:\CYGWIN\HOME\PRANAV\KINECT\NEW PROJECT\NEW PROJECT\DEBUG\NEW PROJECT.EXE.EMBED.MANIFEST
C:\CYGWIN\HOME\PRANAV\KINECT\NEW PROJECT\NEW PROJECT\DEBUG\NEW PROJECT.EXE.EMBED.MANIFEST.RES
C:\CYGWIN\HOME\PRANAV\KINECT\NEW PROJECT\NEW PROJECT\DEBUG\NEW PROJECT.EXE.INTERMEDIATE.MANIFEST
C:\CYGWIN\HOME\PRANAV\KINECT\NEW PROJECT\NEW PROJECT\DEBUG\NEW PROJECT.OBJ
C:\cygwin\home\Pranav\kinect\New Project\New Project\Debug\New Project.vcxprojResolveAssemblyReference.cache
C:\cygwin\home\Pranav\kinect\New Project\New Project\Debug\New Project.write.1.tlog
C:\cygwin\home\Pranav\kinect\New Project\New Project\Debug\New Project_manifest.rc
C:\cygwin\home\Pranav\kinect\New Project\New Project\Debug\rc.command.1.tlog
C:\cygwin\home\Pranav\kinect\New Project\New Project\Debug\rc.read.1.tlog
C:\cygwin\home\Pranav\kinect\New Project\New Project\Debug\rc.write.1.tlog
C:\CYGWIN\HOME\PRANAV\KINECT\NEW PROJECT\NEW PROJECT\DEBUG\STDAFX.OBJ
C:\cygwin\home\Pranav\kinect\New Project\New Project\Debug\vc100.idb
C:\CYGWIN\HOME\PRANAV\KINECT\NEW PROJECT\NEW PROJECT\DEBUG\VC100.PDB
C:\cygwin\home\Pranav\kinect\New Project\New Project\Debug\vc110.idb
C:\cygwin\home\Pranav\kinect\New Project\New Project\Debug\vc110.pdb
C:\CYGWIN\HOME\TEJAS\KINECT\NEW PROJECT\DEBUG\NEW PROJECT.EXE
C:\CYGWIN\HOME\TEJAS\KINECT\NEW PROJECT\DEBUG\NEW PROJECT.ILK
C:\CYGWIN\HOME\TEJAS\KINECT\NEW PROJECT\DEBUG\NEW PROJECT.PDB
C:\CYGWIN\HOME\TEJAS\KINECT\NEW PROJECT\NEW PROJECT\DEBUG\NEW PROJECT.EXE.EMBED.MANIFEST.RES
C:\CYGWIN\HOME\TEJAS\KINECT\NEW PROJECT\NEW PROJECT\DEBUG\NEW PROJECT.EXE.INTERMEDIATE.MANIFEST
C:\CYGWIN\HOME\TEJAS\KINECT\NEW PROJECT\NEW PROJECT\DEBUG\NEW PROJECT.OBJ
C:\CYGWIN\HOME\TEJAS\KINECT\NEW PROJECT\NEW PROJECT\DEBUG\STDAFX.OBJ
C:\CYGWIN\HOME\TEJAS\KINECT\NEW PROJECT\NEW PROJECT\DEBUG\VC100.PDB
C:\KINECT PROJECT\KINECT\NEW PROJECT\DEBUG\NEW PROJECT.EXE
C:\KINECT PROJECT\KINECT\NEW PROJECT\DEBUG\NEW PROJECT.ILK
C:\KINECT PROJECT\KINECT\NEW PROJECT\DEBUG\NEW PROJECT.PDB
C:\KINECT PROJECT\KINECT\NEW PROJECT\NEW PROJECT\DEBUG\NEW PROJECT.OBJ
C:\KINECT PROJECT\KINECT\NEW PROJECT\NEW PROJECT\DEBUG\STDAFX.OBJ
C:\KINECT PROJECT\KINECT\NEW PROJECT\NEW PROJECT\DEBUG\VC110.PDB
