Build started 6/28/2013 9:43:06 AM.
     1>Project "C:\cygwin\home\Pranav\kinect\New Project\New Project\New Project.vcxproj" on node 2 (build target(s)).
     1>InitializeBuildStatus:
         Creating "Debug\New Project.unsuccessfulbuild" because "AlwaysCreate" was specified.
       ClCompile:
         C:\Program Files (x86)\Microsoft Visual Studio 10.0\VC\bin\CL.exe /c /I"C:\Program Files\Microsoft SDKs\Kinect\v1.7\inc" /ZI /nologo /W3 /WX- /Od /Oy- /D WIN32 /D _DEBUG /D _CONSOLE /D _UNICODE /D UNICODE /Gm /EHsc /RTC1 /MDd /GS /fp:precise /Zc:wchar_t /Zc:forScope /Fo"Debug\\" /Fd"Debug\vc100.pdb" /Gd /TP /analyze- /errorReport:prompt "New Project.cpp"
         New Project.cpp
       ManifestResourceCompile:
         All outputs are up-to-date.
       Link:
         C:\Program Files (x86)\Microsoft Visual Studio 10.0\VC\bin\link.exe /ERRORREPORT:PROMPT /OUT:"C:\cygwin\home\Pranav\kinect\New Project\Debug\New Project.exe" /INCREMENTAL /NOLOGO /LIBPATH:"C:\Program Files\Microsoft SDKs\Kinect\v1.7\lib\x86" "C:\Program Files\Microsoft SDKs\Kinect\v1.7\lib\x86\Kinect10.lib" kernel32.lib user32.lib gdi32.lib winspool.lib comdlg32.lib advapi32.lib shell32.lib ole32.lib oleaut32.lib uuid.lib odbc32.lib odbccp32.lib /MANIFEST /ManifestFile:"Debug\New Project.exe.intermediate.manifest" /MANIFESTUAC:"level='asInvoker' uiAccess='false'" /DEBUG /PDB:"C:\cygwin\home\Pranav\kinect\New Project\Debug\New Project.pdb" /SUBSYSTEM:CONSOLE /TLBID:1 /DYNAMICBASE /NXCOMPAT /IMPLIB:"C:\cygwin\home\Pranav\kinect\New Project\Debug\New Project.lib" /MACHINE:X86 "Debug\New Project.exe.embed.manifest.res"
         "Debug\New Project.obj"
         Debug\stdafx.obj
       Manifest:
         C:\Program Files (x86)\Microsoft SDKs\Windows\v7.0A\bin\mt.exe /nologo /verbose /out:"Debug\New Project.exe.embed.manifest" /manifest "Debug\New Project.exe.intermediate.manifest"
         All outputs are up-to-date.
       LinkEmbedManifest:
         All outputs are up-to-date.
         New Project.vcxproj -> C:\cygwin\home\Pranav\kinect\New Project\Debug\New Project.exe
       FinalizeBuildStatus:
         Deleting file "Debug\New Project.unsuccessfulbuild".
         Touching "Debug\New Project.lastbuildstate".
     1>Done Building Project "C:\cygwin\home\Pranav\kinect\New Project\New Project\New Project.vcxproj" (build target(s)).

Build succeeded.

Time Elapsed 00:00:02.11
